{"entityId":"69eeedf9aa4ab9d40479041f","entityType":"request","keys":["student_status:69dba3e85130aa5872251e86"],"level":"debug","message":"cache_invalidated","timestamp":"2026-05-02T06:06:02.502Z"}
{"entityId":"69eeee02aa4ab9d404790ae4","entityType":"request","keys":["student_status:69dba4305130aa5872251ebd"],"level":"debug","message":"cache_invalidated","timestamp":"2026-05-02T06:06:02.889Z"}
{"entityId":"69eeee02aa4ab9d404790af2","entityType":"request","keys":["student_status:69dba4335130aa5872251ecb"],"level":"debug","message":"cache_invalidated","timestamp":"2026-05-02T06:06:03.306Z"}
{"entityId":"69eeee08aa4ab9d4047911ad","entityType":"request","keys":["student_status:69dba4815130aa5872251f2d"],"level":"debug","message":"cache_invalidated","timestamp":"2026-05-02T06:06:03.741Z"}
{"entityId":"69eeee0daa4ab9d40479189c","entityType":"request","keys":["student_status:69dba4c05130aa5872251f77"],"level":"debug","message":"cache_invalidated","timestamp":"2026-05-02T06:06:04.145Z"}
{"entityId":"69eeee0daa4ab9d404791881","entityType":"request","keys":["student_status:69dba4b95130aa5872251f5c"],"level":"debug","message":"cache_invalidated","timestamp":"2026-05-02T06:06:04.542Z"}
{"entityId":"69eeee13aa4ab9d404791f6c","entityType":"request","keys":["student_status:69db9d335a1a0e04d5820853"],"level":"debug","message":"cache_invalidated","timestamp":"2026-05-02T06:06:04.991Z"}
{"entityId":"69eeee2baa4ab9d404793bcc","entityType":"request","keys":["student_status:69dba1d85130aa5872251e0f"],"level":"debug","message":"cache_invalidated","timestamp":"2026-05-02T06:06:05.416Z"}
{"entityId":"69db912b5a1a0e04d5820632","entityType":"student","keys":["user:69db912b5a1a0e04d5820632","student_status:69db912b5a1a0e04d5820632:active"],"level":"debug","message":"cache_invalidated","timestamp":"2026-05-02T06:06:05.635Z"}
{"entityId":"69eeedf9aa4ab9d40479041f","entityType":"request","keys":["student_status:69dba3e85130aa5872251e86"],"level":"debug","message":"cache_invalidated","timestamp":"2026-05-02T06:06:34.754Z"}
{"entityId":"69eeee02aa4ab9d404790ae4","entityType":"request","keys":["student_status:69dba4305130aa5872251ebd"],"level":"debug","message":"cache_invalidated","timestamp":"2026-05-02T06:06:35.139Z"}
{"entityId":"69eeee02aa4ab9d404790af2","entityType":"request","keys":["student_status:69dba4335130aa5872251ecb"],"level":"debug","message":"cache_invalidated","timestamp":"2026-05-02T06:06:35.508Z"}
{"entityId":"69eeee08aa4ab9d4047911ad","entityType":"request","keys":["student_status:69dba4815130aa5872251f2d"],"level":"debug","message":"cache_invalidated","timestamp":"2026-05-02T06:06:35.890Z"}
{"entityId":"69eeee0daa4ab9d40479189c","entityType":"request","keys":["student_status:69dba4c05130aa5872251f77"],"level":"debug","message":"cache_invalidated","timestamp":"2026-05-02T06:06:36.544Z"}
{"entityId":"69eeee0daa4ab9d404791881","entityType":"request","keys":["student_status:69dba4b95130aa5872251f5c"],"level":"debug","message":"cache_invalidated","timestamp":"2026-05-02T06:06:36.920Z"}
{"entityId":"69eeee13aa4ab9d404791f6c","entityType":"request","keys":["student_status:69db9d335a1a0e04d5820853"],"level":"debug","message":"cache_invalidated","timestamp":"2026-05-02T06:06:37.297Z"}
{"entityId":"69eeee2baa4ab9d404793bcc","entityType":"request","keys":["student_status:69dba1d85130aa5872251e0f"],"level":"debug","message":"cache_invalidated","timestamp":"2026-05-02T06:06:37.667Z"}
{"entityId":"69db912b5a1a0e04d5820632","entityType":"student","keys":["user:69db912b5a1a0e04d5820632","student_status:69db912b5a1a0e04d5820632:active"],"level":"debug","message":"cache_invalidated","timestamp":"2026-05-02T06:06:37.860Z"}
{"entityId":"69f5946e8fad338b8de52d67","entityType":"request","keys":["student_status:69db912b5a1a0e04d5820632"],"level":"debug","message":"cache_invalidated","timestamp":"2026-05-02T06:06:38.251Z"}
{"entityId":"69db98495a1a0e04d582079e","entityType":"student","keys":["user:69db98495a1a0e04d582079e","student_status:69db98495a1a0e04d582079e:active"],"level":"debug","message":"cache_invalidated","timestamp":"2026-05-02T06:06:38.464Z"}
{"entityId":"69f5946e8fad338b8de52d79","entityType":"request","keys":["student_status:69db98495a1a0e04d582079e"],"level":"debug","message":"cache_invalidated","timestamp":"2026-05-02T06:06:38.923Z"}
{"entityId":"69dba1d85130aa5872251e0f","entityType":"student","keys":["user:69dba1d85130aa5872251e0f","student_status:69dba1d85130aa5872251e0f:active"],"level":"debug","message":"cache_invalidated","timestamp":"2026-05-02T06:06:39.424Z"}
{"entityId":"69f5946f8fad338b8de52d8b","entityType":"request","keys":["student_status:69dba1d85130aa5872251e0f"],"level":"debug","message":"cache_invalidated","timestamp":"2026-05-02T06:06:39.884Z"}
{"level":"warn","message":"MongoDB Connection Failed. Retrying in 1s... (The `uri` parameter to `openUri()` must be a string, got \"undefined\". Make sure the first parameter to `mongoose.connect()` or `mongoose.createConnection()` is a string.)","timestamp":"2026-05-02T06:15:09.644Z"}
{"level":"warn","message":"MongoDB Connection Failed. Retrying in 2s... (The `uri` parameter to `openUri()` must be a string, got \"undefined\". Make sure the first parameter to `mongoose.connect()` or `mongoose.createConnection()` is a string.)","timestamp":"2026-05-02T06:15:10.657Z"}
{"level":"warn","message":"MongoDB Connection Failed. Retrying in 4s... (The `uri` parameter to `openUri()` must be a string, got \"undefined\". Make sure the first parameter to `mongoose.connect()` or `mongoose.createConnection()` is a string.)","timestamp":"2026-05-02T06:15:12.664Z"}
{"level":"warn","message":"MongoDB Connection Failed. Retrying in 8s... (The `uri` parameter to `openUri()` must be a string, got \"undefined\". Make sure the first parameter to `mongoose.connect()` or `mongoose.createConnection()` is a string.)","timestamp":"2026-05-02T06:15:16.665Z"}
{"level":"warn","message":"MongoDB Connection Failed. Retrying in 10s... (The `uri` parameter to `openUri()` must be a string, got \"undefined\". Make sure the first parameter to `mongoose.connect()` or `mongoose.createConnection()` is a string.)","timestamp":"2026-05-02T06:15:24.680Z"}
{"level":"error","message":"Critical: MongoDB Connection failed after 5 attempts: The `uri` parameter to `openUri()` must be a string, got \"undefined\". Make sure the first parameter to `mongoose.connect()` or `mongoose.createConnection()` is a string.","timestamp":"2026-05-02T06:15:34.698Z"}
{"entityId":"69eeedf9aa4ab9d40479041f","entityType":"request","keys":["student_status:69dba3e85130aa5872251e86"],"level":"debug","message":"cache_invalidated","timestamp":"2026-05-02T06:22:44.734Z"}
{"entityId":"69eeee02aa4ab9d404790ae4","entityType":"request","keys":["student_status:69dba4305130aa5872251ebd"],"level":"debug","message":"cache_invalidated","timestamp":"2026-05-02T06:22:44.909Z"}
{"entityId":"69eeee02aa4ab9d404790af2","entityType":"request","keys":["student_status:69dba4335130aa5872251ecb"],"level":"debug","message":"cache_invalidated","timestamp":"2026-05-02T06:22:45.084Z"}
{"entityId":"69eeee08aa4ab9d4047911ad","entityType":"request","keys":["student_status:69dba4815130aa5872251f2d"],"level":"debug","message":"cache_invalidated","timestamp":"2026-05-02T06:22:45.522Z"}
{"entityId":"69eeee0daa4ab9d40479189c","entityType":"request","keys":["student_status:69dba4c05130aa5872251f77"],"level":"debug","message":"cache_invalidated","timestamp":"2026-05-02T06:22:45.700Z"}
{"entityId":"69eeee0daa4ab9d404791881","entityType":"request","keys":["student_status:69dba4b95130aa5872251f5c"],"level":"debug","message":"cache_invalidated","timestamp":"2026-05-02T06:22:45.872Z"}
{"entityId":"69eeee13aa4ab9d404791f6c","entityType":"request","keys":["student_status:69db9d335a1a0e04d5820853"],"level":"debug","message":"cache_invalidated","timestamp":"2026-05-02T06:22:46.050Z"}
{"entityId":"69f5946f8fad338b8de52d8b","entityType":"request","keys":["student_status:69dba1d85130aa5872251e0f"],"level":"debug","message":"cache_invalidated","timestamp":"2026-05-02T06:22:46.893Z"}
{"entityId":"69db912b5a1a0e04d5820632","entityType":"student","keys":["user:69db912b5a1a0e04d5820632","student_status:69db912b5a1a0e04d5820632:active"],"level":"debug","message":"cache_invalidated","timestamp":"2026-05-02T06:22:47.118Z"}
{"entityId":"69f598375391d9469883520e","entityType":"request","keys":["student_status:69db912b5a1a0e04d5820632"],"level":"debug","message":"cache_invalidated","timestamp":"2026-05-02T06:22:47.516Z"}
{"entityId":"69db98495a1a0e04d582079e","entityType":"student","keys":["user:69db98495a1a0e04d582079e","student_status:69db98495a1a0e04d582079e:active"],"level":"debug","message":"cache_invalidated","timestamp":"2026-05-02T06:22:47.886Z"}
{"entityId":"69f598385391d9469883521b","entityType":"request","keys":["student_status:69db98495a1a0e04d582079e"],"level":"debug","message":"cache_invalidated","timestamp":"2026-05-02T06:22:48.239Z"}
{"entityId":"69dba1d85130aa5872251e0f","entityType":"student","keys":["user:69dba1d85130aa5872251e0f","student_status:69dba1d85130aa5872251e0f:active"],"level":"debug","message":"cache_invalidated","timestamp":"2026-05-02T06:22:48.530Z"}
{"entityId":"69f598385391d94698835227","entityType":"request","keys":["student_status:69dba1d85130aa5872251e0f"],"level":"debug","message":"cache_invalidated","timestamp":"2026-05-02T06:22:49.004Z"}
{"entityId":"69dd0cf7b6b726e168bc10b2","entityType":"approval","keys":["faculty_pending:69dd0cf7b6b726e168bc10b2:69eb18f205c4cfc994d44269","batch_status:69eb18f205c4cfc994d44269","batch_summary:69eb18f205c4cfc994d44269"],"level":"debug","message":"cache_invalidated","timestamp":"2026-05-02T06:26:03.733Z"}
{"entityId":"69db912b5a1a0e04d5820632","entityType":"student","keys":["user:69db912b5a1a0e04d5820632","student_status:69db912b5a1a0e04d5820632:active"],"level":"debug","message":"cache_invalidated","timestamp":"2026-05-02T06:26:03.740Z"}
{"entityId":"69dd0cf8b6b726e168bc10b3","entityType":"approval","keys":["faculty_pending:69dd0cf8b6b726e168bc10b3:69eb18f205c4cfc994d44269","batch_status:69eb18f205c4cfc994d44269","batch_summary:69eb18f205c4cfc994d44269"],"level":"debug","message":"cache_invalidated","timestamp":"2026-05-02T06:26:03.863Z"}
